2026-07-09 13:05:32 [INFO] === 🌐 PokeAPI GraphQL からのデータ取得を開始します ===
2026-07-09 13:05:32 [INFO] URL: https://graphql.pokeapi.co/v1beta2
2026-07-09 13:05:35 [INFO] ✨ PokeAPIからのデータダウンロードに成功しました！
2026-07-09 13:05:35 [INFO] 取得データ内から 281 種類のポケモンを検出しました。DBに書き込みます。
2026-07-09 13:05:35 [INFO]   ➔ ポケモンID: 3 に 57 件の技を新規紐づけ
2026-07-09 13:05:35 [INFO]   ➔ ポケモンID: 6 に 72 件の技を新規紐づけ
2026-07-09 13:05:35 [INFO]   ➔ ポケモンID: 9 に 73 件の技を新規紐づけ
2026-07-09 13:05:35 [INFO]   ➔ ポケモンID: 15 に 53 件の技を新規紐づけ
2026-07-09 13:05:35 [INFO]   ➔ ポケモンID: 18 に 31 件の技を新規紐づけ
2026-07-09 13:05:35 [INFO]   ➔ ポケモンID: 24 に 70 件の技を新規紐づけ
2026-07-09 13:05:35 [INFO]   ➔ ポケモンID: 25 に 60 件の技を新規紐づけ
2026-07-09 13:05:35 [INFO]   ➔ ポケモンID: 26 に 66 件の技を新規紐づけ
2026-07-09 13:05:35 [INFO]   ➔ ポケモンID: 36 に 91 件の技を新規紐づけ
2026-07-09 13:05:35 [INFO]   ➔ ポケモンID: 38 に 67 件の技を新規紐づけ
2026-07-09 13:05:35 [INFO]   ➔ ポケモンID: 59 に 57 件の技を新規紐づけ
2026-07-09 13:05:35 [INFO]   ➔ ポケモンID: 65 に 60 件の技を新規紐づけ
2026-07-09 13:05:35 [INFO]   ➔ ポケモンID: 68 に 66 件の技を新規紐づけ
2026-07-09 13:05:35 [INFO]   ➔ ポケモンID: 71 に 59 件の技を新規紐づけ
2026-07-09 13:05:35 [INFO]   ➔ ポケモンID: 80 に 78 件の技を新規紐づけ
2026-07-09 13:05:35 [INFO]   ➔ ポケモンID: 94 に 76 件の技を新規紐づけ
2026-07-09 13:05:35 [INFO]   ➔ ポケモンID: 115 に 67 件の技を新規紐づけ
2026-07-09 13:05:35 [INFO]   ➔ ポケモンID: 121 に 62 件の技を新規紐づけ
2026-07-09 13:05:35 [INFO]   ➔ ポケモンID: 127 に 53 件の技を新規紐づけ
2026-07-09 13:05:35 [INFO]   ➔ ポケモンID: 128 に 57 件の技を新規紐づけ
2026-07-09 13:05:35 [INFO]   ➔ ポケモンID: 130 に 67 件の技を新規紐づけ
2026-07-09 13:05:35 [INFO]   ➔ ポケモンID: 132 に 1 件の技を新規紐づけ
2026-07-09 13:05:35 [INFO]   ➔ ポケモンID: 134 に 59 件の技を新規紐づけ
2026-07-09 13:05:35 [INFO]   ➔ ポケモンID: 135 に 59 件の技を新規紐づけ
2026-07-09 13:05:35 [INFO]   ➔ ポケモンID: 136 に 57 件の技を新規紐づけ
2026-07-09 13:05:35 [INFO]   ➔ ポケモンID: 142 に 58 件の技を新規紐づけ
2026-07-09 13:05:35 [INFO]   ➔ ポケモンID: 143 に 83 件の技を新規紐づけ
2026-07-09 13:05:35 [INFO]   ➔ ポケモンID: 149 に 83 件の技を新規紐づけ
2026-07-09 13:05:35 [INFO]   ➔ ポケモンID: 154 に 61 件の技を新規紐づけ
2026-07-09 13:05:35 [INFO]   ➔ ポケモンID: 157 に 63 件の技を新規紐づけ
2026-07-09 13:05:35 [INFO]   ➔ ポケモンID: 160 に 82 件の技を新規紐づけ
2026-07-09 13:05:35 [INFO]   ➔ ポケモンID: 168 に 64 件の技を新規紐づけ
2026-07-09 13:05:35 [INFO]   ➔ ポケモンID: 181 に 67 件の技を新規紐づけ
2026-07-09 13:05:35 [INFO]   ➔ ポケモンID: 184 に 66 件の技を新規紐づけ
2026-07-09 13:05:35 [INFO]   ➔ ポケモンID: 186 に 57 件の技を新規紐づけ
2026-07-09 13:05:35 [INFO]   ➔ ポケモンID: 196 に 67 件の技を新規紐づけ
2026-07-09 13:05:35 [INFO]   ➔ ポケモンID: 197 に 67 件の技を新規紐づけ
2026-07-09 13:05:35 [INFO]   ➔ ポケモンID: 199 に 85 件の技を新規紐づけ
2026-07-09 13:05:35 [INFO]   ➔ ポケモンID: 205 に 69 件の技を新規紐づけ
2026-07-09 13:05:35 [INFO]   ➔ ポケモンID: 208 に 66 件の技を新規紐づけ
2026-07-09 13:05:35 [INFO]   ➔ ポケモンID: 212 に 64 件の技を新規紐づけ
2026-07-09 13:05:35 [INFO]   ➔ ポケモンID: 214 に 66 件の技を新規紐づけ
2026-07-09 13:05:35 [INFO]   ➔ ポケモンID: 227 に 51 件の技を新規紐づけ
2026-07-09 13:05:35 [INFO]   ➔ ポケモンID: 229 に 67 件の技を新規紐づけ
2026-07-09 13:05:35 [INFO]   ➔ ポケモンID: 248 に 92 件の技を新規紐づけ
2026-07-09 13:05:35 [INFO]   ➔ ポケモンID: 279 に 53 件の技を新規紐づけ
2026-07-09 13:05:35 [INFO]   ➔ ポケモンID: 282 に 80 件の技を新規紐づけ
2026-07-09 13:05:35 [INFO]   ➔ ポケモンID: 302 に 88 件の技を新規紐づけ
2026-07-09 13:05:35 [INFO]   ➔ ポケモンID: 306 に 83 件の技を新規紐づけ
2026-07-09 13:05:35 [INFO]   ➔ ポケモンID: 308 に 77 件の技を新規紐づけ
2026-07-09 13:05:35 [INFO]   ➔ ポケモンID: 310 に 49 件の技を新規紐づけ
2026-07-09 13:05:35 [INFO]   ➔ ポケモンID: 319 に 57 件の技を新規紐づけ
2026-07-09 13:05:35 [INFO]   ➔ ポケモンID: 323 に 67 件の技を新規紐づけ
2026-07-09 13:05:35 [INFO]   ➔ ポケモンID: 324 に 57 件の技を新規紐づけ
2026-07-09 13:05:35 [INFO]   ➔ ポケモンID: 334 に 65 件の技を新規紐づけ
2026-07-09 13:05:35 [INFO]   ➔ ポケモンID: 350 に 61 件の技を新規紐づけ
2026-07-09 13:05:35 [INFO]   ➔ ポケモンID: 351 に 37 件の技を新規紐づけ
2026-07-09 13:05:35 [INFO]   ➔ ポケモンID: 354 に 66 件の技を新規紐づけ
2026-07-09 13:05:35 [INFO]   ➔ ポケモンID: 358 に 65 件の技を新規紐づけ
2026-07-09 13:05:35 [INFO]   ➔ ポケモンID: 359 に 71 件の技を新規紐づけ
2026-07-09 13:05:35 [INFO]   ➔ ポケモンID: 362 に 54 件の技を新規紐づけ
2026-07-09 13:05:35 [INFO]   ➔ ポケモンID: 389 に 72 件の技を新規紐づけ
2026-07-09 13:05:35 [INFO]   ➔ ポケモンID: 392 に 88 件の技を新規紐づけ
2026-07-09 13:05:35 [INFO]   ➔ ポケモンID: 395 に 74 件の技を新規紐づけ
2026-07-09 13:05:35 [INFO]   ➔ ポケモンID: 405 に 53 件の技を新規紐づけ
2026-07-09 13:05:35 [INFO]   ➔ ポケモンID: 407 に 51 件の技を新規紐づけ
2026-07-09 13:05:35 [INFO]   ➔ ポケモンID: 409 に 74 件の技を新規紐づけ
2026-07-09 13:05:35 [INFO]   ➔ ポケモンID: 411 に 68 件の技を新規紐づけ
2026-07-09 13:05:35 [INFO]   ➔ ポケモンID: 428 に 76 件の技を新規紐づけ
2026-07-09 13:05:35 [INFO]   ➔ ポケモンID: 442 に 54 件の技を新規紐づけ
2026-07-09 13:05:35 [INFO]   ➔ ポケモンID: 445 に 58 件の技を新規紐づけ
2026-07-09 13:05:35 [INFO]   ➔ ポケモンID: 448 に 83 件の技を新規紐づけ
2026-07-09 13:05:35 [INFO]   ➔ ポケモンID: 450 に 51 件の技を新規紐づけ
2026-07-09 13:05:35 [INFO]   ➔ ポケモンID: 454 に 81 件の技を新規紐づけ
2026-07-09 13:05:35 [INFO]   ➔ ポケモンID: 460 に 65 件の技を新規紐づけ
2026-07-09 13:05:35 [INFO]   ➔ ポケモンID: 461 に 72 件の技を新規紐づけ
2026-07-09 13:05:35 [INFO]   ➔ ポケモンID: 464 に 91 件の技を新規紐づけ
2026-07-09 13:05:35 [INFO]   ➔ ポケモンID: 470 に 58 件の技を新規紐づけ
2026-07-09 13:05:35 [INFO]   ➔ ポケモンID: 471 に 58 件の技を新規紐づけ
2026-07-09 13:05:35 [INFO]   ➔ ポケモンID: 472 に 74 件の技を新規紐づけ
2026-07-09 13:05:35 [INFO]   ➔ ポケモンID: 473 に 63 件の技を新規紐づけ
2026-07-09 13:05:35 [INFO]   ➔ ポケモンID: 475 に 105 件の技を新規紐づけ
2026-07-09 13:05:35 [INFO]   ➔ ポケモンID: 478 に 68 件の技を新規紐づけ
2026-07-09 13:05:35 [INFO]   ➔ ポケモンID: 479 に 42 件の技を新規紐づけ
2026-07-09 13:05:35 [INFO]   ➔ ポケモンID: 497 に 53 件の技を新規紐づけ
2026-07-09 13:05:35 [INFO]   ➔ ポケモンID: 500 に 79 件の技を新規紐づけ
2026-07-09 13:05:35 [INFO]   ➔ ポケモンID: 503 に 61 件の技を新規紐づけ
2026-07-09 13:05:35 [INFO]   ➔ ポケモンID: 505 に 52 件の技を新規紐づけ
2026-07-09 13:05:35 [INFO]   ➔ ポケモンID: 510 に 60 件の技を新規紐づけ
2026-07-09 13:05:35 [INFO]   ➔ ポケモンID: 512 に 50 件の技を新規紐づけ
2026-07-09 13:05:35 [INFO]   ➔ ポケモンID: 514 に 55 件の技を新規紐づけ
2026-07-09 13:05:35 [INFO]   ➔ ポケモンID: 516 に 52 件の技を新規紐づけ
2026-07-09 13:05:35 [INFO]   ➔ ポケモンID: 530 に 53 件の技を新規紐づけ
2026-07-09 13:05:35 [INFO]   ➔ ポケモンID: 531 に 69 件の技を新規紐づけ
2026-07-09 13:05:35 [INFO]   ➔ ポケモンID: 534 に 61 件の技を新規紐づけ
2026-07-09 13:05:35 [INFO]   ➔ ポケモンID: 547 に 50 件の技を新規紐づけ
2026-07-09 13:05:35 [INFO]   ➔ ポケモンID: 553 に 83 件の技を新規紐づけ
2026-07-09 13:05:35 [INFO]   ➔ ポケモンID: 563 に 54 件の技を新規紐づけ
2026-07-09 13:05:35 [INFO]   ➔ ポケモンID: 569 に 53 件の技を新規紐づけ
2026-07-09 13:05:35 [INFO]   ➔ ポケモンID: 571 に 70 件の技を新規紐づけ
2026-07-09 13:05:35 [INFO]   ➔ ポケモンID: 579 に 66 件の技を新規紐づけ
2026-07-09 13:05:35 [INFO]   ➔ ポケモンID: 584 に 41 件の技を新規紐づけ
2026-07-09 13:05:35 [INFO]   ➔ ポケモンID: 587 に 46 件の技を新規紐づけ
2026-07-09 13:05:35 [INFO]   ➔ ポケモンID: 609 に 54 件の技を新規紐づけ
2026-07-09 13:05:35 [INFO]   ➔ ポケモンID: 614 に 75 件の技を新規紐づけ
2026-07-09 13:05:35 [INFO]   ➔ ポケモンID: 618 に 48 件の技を新規紐づけ
2026-07-09 13:05:35 [INFO]   ➔ ポケモンID: 623 に 78 件の技を新規紐づけ
2026-07-09 13:05:35 [INFO]   ➔ ポケモンID: 635 に 78 件の技を新規紐づけ
2026-07-09 13:05:35 [INFO]   ➔ ポケモンID: 637 に 57 件の技を新規紐づけ
2026-07-09 13:05:35 [INFO]   ➔ ポケモンID: 652 に 87 件の技を新規紐づけ
2026-07-09 13:05:35 [INFO]   ➔ ポケモンID: 655 に 72 件の技を新規紐づけ
2026-07-09 13:05:35 [INFO]   ➔ ポケモンID: 658 に 64 件の技を新規紐づけ
2026-07-09 13:05:35 [INFO]   ➔ ポケモンID: 660 に 58 件の技を新規紐づけ
2026-07-09 13:05:35 [INFO]   ➔ ポケモンID: 663 に 50 件の技を新規紐づけ
2026-07-09 13:05:35 [INFO]   ➔ ポケモンID: 666 に 43 件の技を新規紐づけ
2026-07-09 13:05:35 [INFO]   ➔ ポケモンID: 671 に 46 件の技を新規紐づけ
2026-07-09 13:05:35 [INFO]   ➔ ポケモンID: 675 に 80 件の技を新規紐づけ
2026-07-09 13:05:35 [INFO]   ➔ ポケモンID: 676 に 40 件の技を新規紐づけ
2026-07-09 13:05:35 [INFO]   ➔ ポケモンID: 678 に 59 件の技を新規紐づけ
2026-07-09 13:05:35 [INFO]   ➔ ポケモンID: 681 に 45 件の技を新規紐づけ
2026-07-09 13:05:35 [INFO]   ➔ ポケモンID: 683 に 48 件の技を新規紐づけ
2026-07-09 13:05:35 [INFO]   ➔ ポケモンID: 685 に 42 件の技を新規紐づけ
2026-07-09 13:05:35 [INFO]   ➔ ポケモンID: 693 に 52 件の技を新規紐づけ
2026-07-09 13:05:35 [INFO]   ➔ ポケモンID: 695 に 63 件の技を新規紐づけ
2026-07-09 13:05:35 [INFO]   ➔ ポケモンID: 697 に 64 件の技を新規紐づけ
2026-07-09 13:05:35 [INFO]   ➔ ポケモンID: 699 に 56 件の技を新規紐づけ
2026-07-09 13:05:35 [INFO]   ➔ ポケモンID: 700 に 55 件の技を新規紐づけ
2026-07-09 13:05:35 [INFO]   ➔ ポケモンID: 701 に 74 件の技を新規紐づけ
2026-07-09 13:05:35 [INFO]   ➔ ポケモンID: 702 に 50 件の技を新規紐づけ
2026-07-09 13:05:35 [INFO]   ➔ ポケモンID: 706 に 65 件の技を新規紐づけ
2026-07-09 13:05:35 [INFO]   ➔ ポケモンID: 707 に 44 件の技を新規紐づけ
2026-07-09 13:05:35 [INFO]   ➔ ポケモンID: 709 に 73 件の技を新規紐づけ
2026-07-09 13:05:35 [INFO]   ➔ ポケモンID: 711 に 60 件の技を新規紐づけ
2026-07-09 13:05:35 [INFO]   ➔ ポケモンID: 713 に 49 件の技を新規紐づけ
2026-07-09 13:05:35 [INFO]   ➔ ポケモンID: 715 に 64 件の技を新規紐づけ
2026-07-09 13:05:35 [INFO]   ➔ ポケモンID: 724 に 66 件の技を新規紐づけ
2026-07-09 13:05:35 [INFO]   ➔ ポケモンID: 727 に 77 件の技を新規紐づけ
2026-07-09 13:05:35 [INFO]   ➔ ポケモンID: 730 に 63 件の技を新規紐づけ
2026-07-09 13:05:35 [INFO]   ➔ ポケモンID: 733 に 53 件の技を新規紐づけ
2026-07-09 13:05:35 [INFO]   ➔ ポケモンID: 740 に 63 件の技を新規紐づけ
2026-07-09 13:05:35 [INFO]   ➔ ポケモンID: 745 に 58 件の技を新規紐づけ
2026-07-09 13:05:35 [INFO]   ➔ ポケモンID: 748 に 51 件の技を新規紐づけ
2026-07-09 13:05:35 [INFO]   ➔ ポケモンID: 750 に 45 件の技を新規紐づけ
2026-07-09 13:05:35 [INFO]   ➔ ポケモンID: 752 に 51 件の技を新規紐づけ
2026-07-09 13:05:35 [INFO]   ➔ ポケモンID: 758 に 70 件の技を新規紐づけ
2026-07-09 13:05:35 [INFO]   ➔ ポケモンID: 763 に 54 件の技を新規紐づけ
2026-07-09 13:05:35 [INFO]   ➔ ポケモンID: 765 に 64 件の技を新規紐づけ
2026-07-09 13:05:35 [INFO]   ➔ ポケモンID: 766 に 66 件の技を新規紐づけ
2026-07-09 13:05:35 [INFO]   ➔ ポケモンID: 778 に 60 件の技を新規紐づけ
2026-07-09 13:05:35 [INFO]   ➔ ポケモンID: 780 に 66 件の技を新規紐づけ
2026-07-09 13:05:35 [INFO]   ➔ ポケモンID: 784 に 78 件の技を新規紐づけ
2026-07-09 13:05:35 [INFO]   ➔ ポケモンID: 823 に 55 件の技を新規紐づけ
2026-07-09 13:05:35 [INFO]   ➔ ポケモンID: 841 に 44 件の技を新規紐づけ
2026-07-09 13:05:35 [INFO]   ➔ ポケモンID: 842 に 51 件の技を新規紐づけ
2026-07-09 13:05:35 [INFO]   ➔ ポケモンID: 844 に 48 件の技を新規紐づけ
2026-07-09 13:05:35 [INFO]   ➔ ポケモンID: 855 に 46 件の技を新規紐づけ
2026-07-09 13:05:35 [INFO]   ➔ ポケモンID: 858 に 59 件の技を新規紐づけ
2026-07-09 13:05:35 [INFO]   ➔ ポケモンID: 866 に 93 件の技を新規紐づけ
2026-07-09 13:05:35 [INFO]   ➔ ポケモンID: 867 に 69 件の技を新規紐づけ
2026-07-09 13:05:35 [INFO]   ➔ ポケモンID: 869 に 49 件の技を新規紐づけ
2026-07-09 13:05:35 [INFO]   ➔ ポケモンID: 877 に 65 件の技を新規紐づけ
2026-07-09 13:05:35 [INFO]   ➔ ポケモンID: 887 に 63 件の技を新規紐づけ
2026-07-09 13:05:35 [INFO]   ➔ ポケモンID: 899 に 61 件の技を新規紐づけ
2026-07-09 13:05:35 [INFO]   ➔ ポケモンID: 900 に 56 件の技を新規紐づけ
2026-07-09 13:05:35 [INFO]   ➔ ポケモンID: 902 に 49 件の技を新規紐づけ
2026-07-09 13:05:35 [INFO]   ➔ ポケモンID: 903 に 61 件の技を新規紐づけ
2026-07-09 13:05:35 [INFO]   ➔ ポケモンID: 908 に 65 件の技を新規紐づけ
2026-07-09 13:05:35 [INFO]   ➔ ポケモンID: 911 に 56 件の技を新規紐づけ
2026-07-09 13:05:35 [INFO]   ➔ ポケモンID: 914 に 59 件の技を新規紐づけ
2026-07-09 13:05:35 [INFO]   ➔ ポケモンID: 925 に 50 件の技を新規紐づけ
2026-07-09 13:05:35 [INFO]   ➔ ポケモンID: 934 に 54 件の技を新規紐づけ
2026-07-09 13:05:35 [INFO]   ➔ ポケモンID: 936 に 55 件の技を新規紐づけ
2026-07-09 13:05:35 [INFO]   ➔ ポケモンID: 937 に 55 件の技を新規紐づけ
2026-07-09 13:05:35 [INFO]   ➔ ポケモンID: 939 に 39 件の技を新規紐づけ
2026-07-09 13:05:35 [INFO]   ➔ ポケモンID: 952 に 48 件の技を新規紐づけ
2026-07-09 13:05:35 [INFO]   ➔ ポケモンID: 956 に 57 件の技を新規紐づけ
2026-07-09 13:05:35 [INFO]   ➔ ポケモンID: 959 に 47 件の技を新規紐づけ
2026-07-09 13:05:35 [INFO]   ➔ ポケモンID: 964 に 58 件の技を新規紐づけ
2026-07-09 13:05:35 [INFO]   ➔ ポケモンID: 968 に 40 件の技を新規紐づけ
2026-07-09 13:05:35 [INFO]   ➔ ポケモンID: 970 に 46 件の技を新規紐づけ
2026-07-09 13:05:35 [INFO]   ➔ ポケモンID: 981 に 70 件の技を新規紐づけ
2026-07-09 13:05:35 [INFO]   ➔ ポケモンID: 983 に 52 件の技を新規紐づけ
2026-07-09 13:05:35 [INFO]   ➔ ポケモンID: 1013 に 35 件の技を新規紐づけ
2026-07-09 13:05:35 [INFO]   ➔ ポケモンID: 1018 に 51 件の技を新規紐づけ
2026-07-09 13:05:35 [INFO]   ➔ ポケモンID: 1019 に 51 件の技を新規紐づけ
2026-07-09 13:05:35 [INFO]   ➔ ポケモンID: 10008 に 43 件の技を新規紐づけ
2026-07-09 13:05:35 [INFO]   ➔ ポケモンID: 10009 に 43 件の技を新規紐づけ
2026-07-09 13:05:35 [INFO]   ➔ ポケモンID: 10010 に 43 件の技を新規紐づけ
2026-07-09 13:05:35 [INFO]   ➔ ポケモンID: 10011 に 43 件の技を新規紐づけ
2026-07-09 13:05:35 [INFO]   ➔ ポケモンID: 10012 に 43 件の技を新規紐づけ
2026-07-09 13:05:35 [INFO]   ➔ ポケモンID: 10013 に 37 件の技を新規紐づけ
2026-07-09 13:05:35 [INFO]   ➔ ポケモンID: 10014 に 37 件の技を新規紐づけ
2026-07-09 13:05:35 [INFO]   ➔ ポケモンID: 10015 に 37 件の技を新規紐づけ
2026-07-09 13:05:35 [INFO]   ➔ ポケモンID: 10025 に 56 件の技を新規紐づけ
2026-07-09 13:05:35 [INFO]   ➔ ポケモンID: 10026 に 45 件の技を新規紐づけ
2026-07-09 13:05:35 [INFO]   ➔ ポケモンID: 10030 に 60 件の技を新規紐づけ
2026-07-09 13:05:35 [INFO]   ➔ ポケモンID: 10031 に 60 件の技を新規紐づけ
2026-07-09 13:05:35 [INFO]   ➔ ポケモンID: 10032 に 60 件の技を新規紐づけ
2026-07-09 13:05:35 [INFO]   ➔ ポケモンID: 10033 に 57 件の技を新規紐づけ
2026-07-09 13:05:35 [INFO]   ➔ ポケモンID: 10034 に 72 件の技を新規紐づけ
2026-07-09 13:05:35 [INFO]   ➔ ポケモンID: 10035 に 72 件の技を新規紐づけ
2026-07-09 13:05:35 [INFO]   ➔ ポケモンID: 10036 に 73 件の技を新規紐づけ
2026-07-09 13:05:35 [INFO]   ➔ ポケモンID: 10037 に 60 件の技を新規紐づけ
2026-07-09 13:05:35 [INFO]   ➔ ポケモンID: 10038 に 76 件の技を新規紐づけ
2026-07-09 13:05:35 [INFO]   ➔ ポケモンID: 10039 に 67 件の技を新規紐づけ
2026-07-09 13:05:35 [INFO]   ➔ ポケモンID: 10040 に 53 件の技を新規紐づけ
2026-07-09 13:05:35 [INFO]   ➔ ポケモンID: 10041 に 67 件の技を新規紐づけ
2026-07-09 13:05:35 [INFO]   ➔ ポケモンID: 10042 に 58 件の技を新規紐づけ
2026-07-09 13:05:35 [INFO]   ➔ ポケモンID: 10045 に 67 件の技を新規紐づけ
2026-07-09 13:05:35 [INFO]   ➔ ポケモンID: 10046 に 64 件の技を新規紐づけ
2026-07-09 13:05:35 [INFO]   ➔ ポケモンID: 10047 に 66 件の技を新規紐づけ
2026-07-09 13:05:35 [INFO]   ➔ ポケモンID: 10048 に 67 件の技を新規紐づけ
2026-07-09 13:05:35 [INFO]   ➔ ポケモンID: 10049 に 92 件の技を新規紐づけ
2026-07-09 13:05:35 [INFO]   ➔ ポケモンID: 10051 に 80 件の技を新規紐づけ
2026-07-09 13:05:35 [INFO]   ➔ ポケモンID: 10053 に 83 件の技を新規紐づけ
2026-07-09 13:05:35 [INFO]   ➔ ポケモンID: 10054 に 77 件の技を新規紐づけ
2026-07-09 13:05:35 [INFO]   ➔ ポケモンID: 10055 に 49 件の技を新規紐づけ
2026-07-09 13:05:35 [INFO]   ➔ ポケモンID: 10056 に 66 件の技を新規紐づけ
2026-07-09 13:05:35 [INFO]   ➔ ポケモンID: 10057 に 71 件の技を新規紐づけ
2026-07-09 13:05:35 [INFO]   ➔ ポケモンID: 10058 に 58 件の技を新規紐づけ
2026-07-09 13:05:35 [INFO]   ➔ ポケモンID: 10059 に 83 件の技を新規紐づけ
2026-07-09 13:05:35 [INFO]   ➔ ポケモンID: 10060 に 65 件の技を新規紐づけ
2026-07-09 13:05:35 [INFO]   ➔ ポケモンID: 10061 に 41 件の技を新規紐づけ
2026-07-09 13:05:35 [INFO]   ➔ ポケモンID: 10066 に 88 件の技を新規紐づけ
2026-07-09 13:05:35 [INFO]   ➔ ポケモンID: 10067 に 65 件の技を新規紐づけ
2026-07-09 13:05:35 [INFO]   ➔ ポケモンID: 10068 に 105 件の技を新規紐づけ
2026-07-09 13:05:35 [INFO]   ➔ ポケモンID: 10069 に 69 件の技を新規紐づけ
2026-07-09 13:05:35 [INFO]   ➔ ポケモンID: 10070 に 57 件の技を新規紐づけ
2026-07-09 13:05:35 [INFO]   ➔ ポケモンID: 10071 に 78 件の技を新規紐づけ
2026-07-09 13:05:35 [INFO]   ➔ ポケモンID: 10072 に 66 件の技を新規紐づけ
2026-07-09 13:05:35 [INFO]   ➔ ポケモンID: 10073 に 31 件の技を新規紐づけ
2026-07-09 13:05:35 [INFO]   ➔ ポケモンID: 10074 に 54 件の技を新規紐づけ
2026-07-09 13:05:35 [INFO]   ➔ ポケモンID: 10087 に 67 件の技を新規紐づけ
2026-07-09 13:05:35 [INFO]   ➔ ポケモンID: 10088 に 76 件の技を新規紐づけ
2026-07-09 13:05:35 [INFO]   ➔ ポケモンID: 10090 に 53 件の技を新規紐づけ
2026-07-09 13:05:35 [INFO]   ➔ ポケモンID: 10100 に 74 件の技を新規紐づけ
2026-07-09 13:05:35 [INFO]   ➔ ポケモンID: 10104 に 64 件の技を新規紐づけ
2026-07-09 13:05:35 [INFO]   ➔ ポケモンID: 10126 に 68 件の技を新規紐づけ
2026-07-09 13:05:35 [INFO]   ➔ ポケモンID: 10143 に 60 件の技を新規紐づけ
2026-07-09 13:05:35 [INFO]   ➔ ポケモンID: 10152 に 61 件の技を新規紐づけ
2026-07-09 13:05:35 [INFO]   ➔ ポケモンID: 10165 に 92 件の技を新規紐づけ
2026-07-09 13:05:35 [INFO]   ➔ ポケモンID: 10172 に 95 件の技を新規紐づけ
2026-07-09 13:05:35 [INFO]   ➔ ポケモンID: 10180 に 52 件の技を新規紐づけ
2026-07-09 13:05:35 [INFO]   ➔ ポケモンID: 10187 に 60 件の技を新規紐づけ
2026-07-09 13:05:35 [INFO]   ➔ ポケモンID: 10230 に 64 件の技を新規紐づけ
2026-07-09 13:05:35 [INFO]   ➔ ポケモンID: 10233 に 66 件の技を新規紐づけ
2026-07-09 13:05:35 [INFO]   ➔ ポケモンID: 10236 に 67 件の技を新規紐づけ
2026-07-09 13:05:35 [INFO]   ➔ ポケモンID: 10239 に 73 件の技を新規紐づけ
2026-07-09 13:05:35 [INFO]   ➔ ポケモンID: 10242 に 63 件の技を新規紐づけ
2026-07-09 13:05:35 [INFO]   ➔ ポケモンID: 10243 に 49 件の技を新規紐づけ
2026-07-09 13:05:35 [INFO]   ➔ ポケモンID: 10244 に 66 件の技を新規紐づけ
2026-07-09 13:05:35 [INFO]   ➔ ポケモンID: 10248 に 49 件の技を新規紐づけ
2026-07-09 13:05:35 [INFO]   ➔ ポケモンID: 10250 に 48 件の技を新規紐づけ
2026-07-09 13:05:35 [INFO]   ➔ ポケモンID: 10251 に 53 件の技を新規紐づけ
2026-07-09 13:05:35 [INFO]   ➔ ポケモンID: 10252 に 52 件の技を新規紐づけ
2026-07-09 13:05:35 [INFO]   ➔ ポケモンID: 10256 に 58 件の技を新規紐づけ
2026-07-09 13:05:35 [INFO]   ➔ ポケモンID: 10257 に 50 件の技を新規紐づけ
2026-07-09 13:05:35 [INFO]   ➔ ポケモンID: 10278 に 91 件の技を新規紐づけ
2026-07-09 13:05:35 [INFO]   ➔ ポケモンID: 10279 に 59 件の技を新規紐づけ
2026-07-09 13:05:35 [INFO]   ➔ ポケモンID: 10280 に 62 件の技を新規紐づけ
2026-07-09 13:05:35 [INFO]   ➔ ポケモンID: 10281 に 83 件の技を新規紐づけ
2026-07-09 13:05:35 [INFO]   ➔ ポケモンID: 10282 に 61 件の技を新規紐づけ
2026-07-09 13:05:35 [INFO]   ➔ ポケモンID: 10283 に 82 件の技を新規紐づけ
2026-07-09 13:05:35 [INFO]   ➔ ポケモンID: 10284 に 51 件の技を新規紐づけ
2026-07-09 13:05:35 [INFO]   ➔ ポケモンID: 10285 に 68 件の技を新規紐づけ
2026-07-09 13:05:35 [INFO]   ➔ ポケモンID: 10286 に 79 件の技を新規紐づけ
2026-07-09 13:05:35 [INFO]   ➔ ポケモンID: 10287 に 53 件の技を新規紐づけ
2026-07-09 13:05:35 [INFO]   ➔ ポケモンID: 10291 に 54 件の技を新規紐づけ
2026-07-09 13:05:35 [INFO]   ➔ ポケモンID: 10292 に 87 件の技を新規紐づけ
2026-07-09 13:05:35 [INFO]   ➔ ポケモンID: 10293 に 72 件の技を新規紐づけ
2026-07-09 13:05:35 [INFO]   ➔ ポケモンID: 10294 に 64 件の技を新規紐づけ
2026-07-09 13:05:35 [INFO]   ➔ ポケモンID: 10296 に 41 件の技を新規紐づけ
2026-07-09 13:05:35 [INFO]   ➔ ポケモンID: 10300 に 74 件の技を新規紐づけ
2026-07-09 13:05:35 [INFO]   ➔ ポケモンID: 10302 に 66 件の技を新規紐づけ
2026-07-09 13:05:35 [INFO]   ➔ ポケモンID: 10306 に 65 件の技を新規紐づけ
2026-07-09 13:05:35 [INFO]   ➔ ポケモンID: 10313 に 78 件の技を新規紐づけ
2026-07-09 13:05:35 [INFO]   ➔ ポケモンID: 10314 に 59 件の技を新規紐づけ
2026-07-09 13:05:35 [INFO]   ➔ ポケモンID: 10315 に 63 件の技を新規紐づけ
2026-07-09 13:05:35 [INFO]   ➔ ポケモンID: 10320 に 48 件の技を新規紐づけ
2026-07-09 13:05:35 [INFO]   ➔ ポケモンID: 10321 に 46 件の技を新規紐づけ
2026-07-09 13:05:35 [INFO]   ➔ ポケモンID: 10326 に 56 件の技を新規紐づけ
2026-07-09 13:05:35 [INFO] === 🏁 全データの移行が完了しました！ ===
2026-07-09 13:05:35 [INFO] データベースファイル: pokemon_champions.db
2026-07-09 13:05:35 [INFO] 今回新規に登録されたIDペア: 累計 17394 件
