2026-07-11 09:09:23 [INFO] === 🌐 PokeAPI GraphQL からポケモン＆複数特性データの同時取得を開始 ===
2026-07-11 09:09:27 [INFO] ✨ データのダウンロードに成功しました！解析を開始します。
2026-07-11 09:09:27 [INFO] 対象ポケモン: 281 匹を2つのテーブルに振り分けて書き込みます...
2026-07-11 09:09:27 [INFO]   ➔ 進捗: 50 / 281 匹を処理完了 (現在の特性総数: 125つ)
2026-07-11 09:09:27 [INFO]   ➔ 進捗: 100 / 281 匹を処理完了 (現在の特性総数: 244つ)
2026-07-11 09:09:27 [INFO]   ➔ 進捗: 150 / 281 匹を処理完了 (現在の特性総数: 365つ)
2026-07-11 09:09:27 [INFO]   ➔ 進捗: 200 / 281 匹を処理完了 (現在の特性総数: 477つ)
2026-07-11 09:09:27 [INFO]   ➔ 進捗: 250 / 281 匹を処理完了 (現在の特性総数: 543つ)
2026-07-11 09:09:27 [INFO]   ➔ 進捗: 281 / 281 匹を処理完了 (現在の特性総数: 584つ)
2026-07-11 09:09:27 [INFO] === 🏁 pokemon および pokemon_ability テーブルの構築が完了しました！ ===
2026-07-11 09:09:27 [INFO] 対象DB: pokemon_champions.db
2026-07-11 09:09:27 [INFO] ・pokemon テーブル登録数          : 281 枠
2026-07-11 09:09:27 [INFO] ・pokemon_ability (特性ペア) 登録数 : 584 件
2026-07-11 09:09:27 [INFO] === 🌐 データベース(pokemon_ability)から必要な特性IDを抽出 ===
2026-07-11 09:09:27 [INFO] ✨ 191件のユニークな特性IDを抽出しました。
2026-07-11 09:09:27 [INFO] === 🌐 PokeAPI GraphQL から特性データの取得開始 ===
2026-07-11 09:09:28 [INFO] ✨ データのダウンロードに成功しました！DBの再構築を開始します。
2026-07-11 09:09:28 [INFO] 🧹 既存の ability_basicdata テーブルを削除して初期化します...
2026-07-11 09:09:28 [INFO] === 🏁 ability_basicdata テーブルの構築が完了しました！ ===
2026-07-11 09:09:28 [INFO] 対象DB: pokemon_champions.db
2026-07-11 09:09:28 [INFO] ・ability_basicdata 登録数: 191件 (ダイエット成功)
2026-07-11 09:09:28 [INFO] === 1. GraphQLでタイプと相性データを一括取得中 ===
2026-07-11 09:09:28 [INFO] -> 21 個のタイプデータをパース中...
2026-07-11 09:09:28 [INFO] === 【ステップ1完了】タイプのDB構築が正常に終わりました！ ===
2026-07-11 09:09:28 [INFO] === 🌐 データベース(pokemon_move)から必要な技IDを抽出 ===
2026-07-11 09:09:28 [INFO] ✨ 490件のユニークな技IDを抽出しました。
2026-07-11 09:09:28 [INFO] === 🌐 PokeAPI GraphQL から基本データの取得開始 ===
2026-07-11 09:09:29 [INFO] ✨ データのダウンロードに成功しました！DBの再構築を開始します。
2026-07-11 09:09:29 [INFO] 🧹 既存の move_basicdata テーブルを削除して初期化します...
2026-07-11 09:09:29 [INFO] === 🏁 基本データの再構築が完了しました！ ===
2026-07-11 09:09:29 [INFO] 対象DB: pokemon_champions.db
2026-07-11 09:09:29 [INFO] ・move_basicdata 登録数: 490件 (必要最小限にダイエット成功)
2026-07-11 09:09:29 [INFO] === 🌐 データベース(pokemon_move)から必要な技IDを抽出 ===
2026-07-11 09:09:29 [INFO] ✨ 490件のユニークな技IDを抽出しました。
2026-07-11 09:09:29 [INFO] === 🌐 PokeAPI GraphQL から詳細データの取得開始 ===
2026-07-11 09:09:30 [INFO] ✨ データのダウンロードに成功しました！DBの初期化と解析を開始します。
2026-07-11 09:09:30 [INFO] 🧹 既存の move_meta, move_stat_change テーブルを削除して初期化します...
2026-07-11 09:09:30 [INFO] === 🏁 初期化とデータ構築が完了しました！ ===
2026-07-11 09:09:30 [INFO] 対象DB: pokemon_champions.db
2026-07-11 09:09:30 [INFO] ・move_meta 登録数: 188件 (意味のあるデータのみ)
2026-07-11 09:09:30 [INFO] ・move_stat_change 登録数: 144件
2026-07-11 09:09:30 [INFO] === 🌐 データベース(pokemon)から対象IDを取得し、gender_rateを構築します ===
2026-07-11 09:09:30 [INFO] ✨ pokemonテーブルから 281 件のIDを取得しました。
2026-07-11 09:09:31 [INFO] ✨ pokemonspeciesデータのダウンロードに成功しました！gender_rateの構築を開始します。
2026-07-11 09:09:31 [INFO] === 🏁 gender_rate テーブル構築が完了しました！ ===
2026-07-11 09:09:31 [INFO] ・gender_rate 登録数: 185 件
2026-07-11 09:09:31 [INFO] 🌐 PokeAPIから性格補正データを取得中...
2026-07-11 09:09:31 [INFO] ✨ 正常に 25 種類の性格補正データを `nature_data` に保存しました！
2026-07-11 09:09:32 [INFO] ✅ データベースの最終確定（checkpoint + vacuum）を完了しました。
