2026-07-04 11:28:40 [INFO] === 🌐 PokeAPI GraphQL からポケモン＆複数特性データの同時取得を開始 ===
2026-07-04 11:28:41 [INFO] ✨ データのダウンロードに成功しました！解析を開始します。
2026-07-04 11:28:41 [INFO] 対象ポケモン: 0 匹を2つのテーブルに振り分けて書き込みます...
2026-07-04 11:28:41 [INFO] === 🏁 pokemon および pokemon_ability テーブルの構築が完了しました！ ===
2026-07-04 11:28:41 [INFO] 対象DB: pokemon_champions.db
2026-07-04 11:28:41 [INFO] ・pokemon テーブル登録数          : 0 枠
2026-07-04 11:28:41 [INFO] ・pokemon_ability (特性ペア) 登録数 : 0 件
2026-07-04 11:29:29 [INFO] === 🌐 PokeAPI GraphQL からポケモン＆複数特性データの同時取得を開始 ===
2026-07-04 11:29:30 [INFO] ✨ データのダウンロードに成功しました！解析を開始します。
2026-07-04 11:29:30 [INFO] 対象ポケモン: 281 匹を2つのテーブルに振り分けて書き込みます...
2026-07-04 11:29:30 [CRITICAL] 🚨 データ解析・DB書き込み中にエラーが発生しました: 11 values for 10 columns
2026-07-04 11:30:17 [INFO] === 🌐 PokeAPI GraphQL からポケモン＆複数特性データの同時取得を開始 ===
2026-07-04 11:30:18 [INFO] ✨ データのダウンロードに成功しました！解析を開始します。
2026-07-04 11:30:18 [INFO] 対象ポケモン: 281 匹を2つのテーブルに振り分けて書き込みます...
2026-07-04 11:30:18 [INFO]   ➔ 進捗: 50 / 281 匹を処理完了 (現在の特性総数: 125つ)
2026-07-04 11:30:18 [INFO]   ➔ 進捗: 100 / 281 匹を処理完了 (現在の特性総数: 244つ)
2026-07-04 11:30:18 [INFO]   ➔ 進捗: 150 / 281 匹を処理完了 (現在の特性総数: 365つ)
2026-07-04 11:30:18 [INFO]   ➔ 進捗: 200 / 281 匹を処理完了 (現在の特性総数: 477つ)
2026-07-04 11:30:18 [INFO]   ➔ 進捗: 250 / 281 匹を処理完了 (現在の特性総数: 543つ)
2026-07-04 11:30:18 [INFO]   ➔ 進捗: 281 / 281 匹を処理完了 (現在の特性総数: 584つ)
2026-07-04 11:30:18 [INFO] === 🏁 pokemon および pokemon_ability テーブルの構築が完了しました！ ===
2026-07-04 11:30:18 [INFO] 対象DB: pokemon_champions.db
2026-07-04 11:30:18 [INFO] ・pokemon テーブル登録数          : 281 枠
2026-07-04 11:30:18 [INFO] ・pokemon_ability (特性ペア) 登録数 : 584 件
2026-07-09 13:05:56 [INFO] === 🌐 PokeAPI GraphQL からポケモン＆複数特性データの同時取得を開始 ===
2026-07-09 13:05:58 [INFO] ✨ データのダウンロードに成功しました！解析を開始します。
2026-07-09 13:05:58 [INFO] 対象ポケモン: 281 匹を2つのテーブルに振り分けて書き込みます...
2026-07-09 13:05:58 [INFO]   ➔ 進捗: 50 / 281 匹を処理完了 (現在の特性総数: 125つ)
2026-07-09 13:05:58 [INFO]   ➔ 進捗: 100 / 281 匹を処理完了 (現在の特性総数: 244つ)
2026-07-09 13:05:58 [INFO]   ➔ 進捗: 150 / 281 匹を処理完了 (現在の特性総数: 365つ)
2026-07-09 13:05:58 [INFO]   ➔ 進捗: 200 / 281 匹を処理完了 (現在の特性総数: 477つ)
2026-07-09 13:05:58 [INFO]   ➔ 進捗: 250 / 281 匹を処理完了 (現在の特性総数: 543つ)
2026-07-09 13:05:58 [INFO]   ➔ 進捗: 281 / 281 匹を処理完了 (現在の特性総数: 584つ)
2026-07-09 13:05:58 [INFO] === 🏁 pokemon および pokemon_ability テーブルの構築が完了しました！ ===
2026-07-09 13:05:58 [INFO] 対象DB: pokemon_champions.db
2026-07-09 13:05:58 [INFO] ・pokemon テーブル登録数          : 281 枠
2026-07-09 13:05:58 [INFO] ・pokemon_ability (特性ペア) 登録数 : 584 件
